<?xml version="1.0" encoding="UTF-8"?>
<!-- Generated by org.testng.reporters.JUnitReportReporter -->
<testsuite hostname="Aina" failures="0" tests="15" name="writesampletestcase.TestNgFeatures" time="0.079" errors="1" timestamp="2023-05-17T12:11:39 EDT" skipped="14">
  <testcase classname="writesampletestcase.TestNgFeatures" name="sum" time="0.000">
    <skipped/>
  </testcase> <!-- sum -->
  <system-out/>
  <testcase classname="writesampletestcase.TestNgFeatures" name="HomepageTest" time="0.000">
    <skipped/>
  </testcase> <!-- HomepageTest -->
  <system-out/>
  <testcase classname="writesampletestcase.TestNgFeatures" name="sum" time="0.000">
    <skipped/>
  </testcase> <!-- sum -->
  <system-out/>
  <testcase classname="writesampletestcase.TestNgFeatures" name="sum" time="0.000">
    <skipped/>
  </testcase> <!-- sum -->
  <system-out/>
  <testcase classname="writesampletestcase.TestNgFeatures" name="sum" time="0.000">
    <skipped/>
  </testcase> <!-- sum -->
  <system-out/>
  <testcase classname="writesampletestcase.TestNgFeatures" name="sum" time="0.000">
    <skipped/>
  </testcase> <!-- sum -->
  <system-out/>
  <testcase classname="writesampletestcase.TestNgFeatures" name="infiniteloopTest" time="0.000">
    <skipped/>
  </testcase> <!-- infiniteloopTest -->
  <system-out/>
  <testcase classname="writesampletestcase.TestNgFeatures" name="setUp" time="0.079">
    <error message="The driver executable must exist: C:\Users\nimje\Downloads\chromedriver_win32_latest\chromedriver.exe" type="java.lang.IllegalStateException">
      <![CDATA[java.lang.IllegalStateException: The driver executable must exist: C:\Users\nimje\Downloads\chromedriver_win32_latest\chromedriver.exe
at org.openqa.selenium.internal.Require$FileStateChecker.isFile(Require.java:345)
at org.openqa.selenium.remote.service.DriverService.checkExecutable(DriverService.java:161)
at org.openqa.selenium.remote.service.DriverService.findExecutable(DriverService.java:156)
at org.openqa.selenium.chrome.ChromeDriverService.access$000(ChromeDriverService.java:42)
at org.openqa.selenium.chrome.ChromeDriverService$Builder.findDefaultExecutable(ChromeDriverService.java:315)
at org.openqa.selenium.remote.service.DriverService$Builder.build(DriverService.java:456)
at org.openqa.selenium.chrome.ChromeDriverService.createServiceWithConfig(ChromeDriverService.java:165)
at org.openqa.selenium.chrome.ChromeDriver.<init>(ChromeDriver.java:71)
at writesampletestcase.TestNgFeatures.setUp(TestNgFeatures.java:33)
at java.base/jdk.internal.reflect.NativeMethodAccessorImpl.invoke0(Native Method)
at java.base/jdk.internal.reflect.NativeMethodAccessorImpl.invoke(NativeMethodAccessorImpl.java:77)
at java.base/jdk.internal.reflect.DelegatingMethodAccessorImpl.invoke(DelegatingMethodAccessorImpl.java:43)
at java.base/java.lang.reflect.Method.invoke(Method.java:568)
at org.testng.internal.MethodInvocationHelper.invokeMethod(MethodInvocationHelper.java:133)
at org.testng.internal.MethodInvocationHelper.invokeMethodConsideringTimeout(MethodInvocationHelper.java:62)
at org.testng.internal.ConfigInvoker.invokeConfigurationMethod(ConfigInvoker.java:385)
at org.testng.internal.ConfigInvoker.invokeConfigurations(ConfigInvoker.java:321)
at org.testng.internal.TestInvoker.runConfigMethods(TestInvoker.java:700)
at org.testng.internal.TestInvoker.invokeMethod(TestInvoker.java:527)
at org.testng.internal.TestInvoker.invokeTestMethod(TestInvoker.java:173)
at org.testng.internal.MethodRunner.runInSequence(MethodRunner.java:46)
at org.testng.internal.TestInvoker$MethodInvocationAgent.invoke(TestInvoker.java:824)
at org.testng.internal.TestInvoker.invokeTestMethods(TestInvoker.java:146)
at org.testng.internal.TestMethodWorker.invokeTestMethods(TestMethodWorker.java:146)
at org.testng.internal.TestMethodWorker.run(TestMethodWorker.java:128)
at java.base/java.util.ArrayList.forEach(ArrayList.java:1511)
at org.testng.TestRunner.privateRun(TestRunner.java:794)
at org.testng.TestRunner.run(TestRunner.java:596)
at org.testng.SuiteRunner.runTest(SuiteRunner.java:377)
at org.testng.SuiteRunner.runSequentially(SuiteRunner.java:371)
at org.testng.SuiteRunner.privateRun(SuiteRunner.java:332)
at org.testng.SuiteRunner.run(SuiteRunner.java:276)
at org.testng.SuiteRunnerWorker.runSuite(SuiteRunnerWorker.java:53)
at org.testng.SuiteRunnerWorker.run(SuiteRunnerWorker.java:96)
at org.testng.TestNG.runSuitesSequentially(TestNG.java:1212)
at org.testng.TestNG.runSuitesLocally(TestNG.java:1134)
at org.testng.TestNG.runSuites(TestNG.java:1063)
at org.testng.TestNG.run(TestNG.java:1031)
at org.testng.remote.AbstractRemoteTestNG.run(AbstractRemoteTestNG.java:115)
at org.testng.remote.RemoteTestNG.initAndRun(RemoteTestNG.java:251)
at org.testng.remote.RemoteTestNG.main(RemoteTestNG.java:77)
]]>
    </error>
  </testcase> <!-- setUp -->
  <system-out/>
  <testcase classname="writesampletestcase.TestNgFeatures" name="sum" time="0.000">
    <skipped/>
  </testcase> <!-- sum -->
  <system-out/>
  <testcase classname="writesampletestcase.TestNgFeatures" name="test1" time="0.000">
    <skipped/>
  </testcase> <!-- test1 -->
  <system-out/>
  <testcase classname="writesampletestcase.TestNgFeatures" name="sum" time="0.000">
    <skipped/>
  </testcase> <!-- sum -->
  <system-out/>
  <testcase classname="writesampletestcase.TestNgFeatures" name="sum" time="0.000">
    <skipped/>
  </testcase> <!-- sum -->
  <system-out/>
  <testcase classname="writesampletestcase.TestNgFeatures" name="sum" time="0.000">
    <skipped/>
  </testcase> <!-- sum -->
  <system-out/>
  <testcase classname="writesampletestcase.TestNgFeatures" name="sum" time="0.000">
    <skipped/>
  </testcase> <!-- sum -->
  <system-out/>
  <testcase classname="writesampletestcase.TestNgFeatures" name="LoginTest" time="0.000">
    <skipped/>
  </testcase> <!-- LoginTest -->
  <system-out/>
</testsuite> <!-- writesampletestcase.TestNgFeatures -->
